<?xml version="1.0" encoding="UTF-8"?>
<!-- Generated by org.testng.reporters.JUnitReportReporter -->
<testsuite hostname="acer" failures="0" tests="1" name="testcases.Ebay" time="2.129" errors="0" timestamp="2025-01-20T13:44:56 IST" skipped="0">
  <testcase classname="testcases.Ebay" name="testcase" time="2.129"/>
</testsuite> <!-- testcases.Ebay -->
